<?xml version="1.0" encoding="utf-8"?><testsuites name="pytest tests"><testsuite name="pytest" errors="0" failures="0" skipped="0" tests="19" time="27.702" timestamp="2026-05-04T17:40:20.820355+00:00" hostname="agent-env-2baa49de-cfca-4bed-93d4-5af6fd25c91a"><testcase classname="backend.tests.backend_test.TestBasics" name="test_root" time="0.224" /><testcase classname="backend.tests.backend_test.TestBasics" name="test_providers" time="0.067" /><testcase classname="backend.tests.backend_test.TestBasics" name="test_stats" time="0.076" /><testcase classname="backend.tests.backend_test.TestStyles" name="test_list_presets" time="0.064" /><testcase classname="backend.tests.backend_test.TestStyles" name="test_create_and_delete_custom" time="0.246" /><testcase classname="backend.tests.backend_test.TestStyles" name="test_cannot_delete_preset" time="0.122" /><testcase classname="backend.tests.backend_test.TestSongs" name="test_upload_and_analysis" time="4.360" /><testcase classname="backend.tests.backend_test.TestSongs" name="test_get_song" time="0.111" /><testcase classname="backend.tests.backend_test.TestSongs" name="test_list_songs_contains" time="0.058" /><testcase classname="backend.tests.backend_test.TestSongs" name="test_list_songs_filters" time="0.135" /><testcase classname="backend.tests.backend_test.TestSongs" name="test_audio_stream" time="0.260" /><testcase classname="backend.tests.backend_test.TestSongs" name="test_patch_song" time="0.114" /><testcase classname="backend.tests.backend_test.TestDrafts" name="test_draft_flow" time="0.451" /><testcase classname="backend.tests.backend_test.TestLyrics" name="test_generate_anthropic" time="5.176" /><testcase classname="backend.tests.backend_test.TestLyrics" name="test_complete" time="8.122" /><testcase classname="backend.tests.backend_test.TestLyrics" name="test_polish" time="7.661" /><testcase classname="backend.tests.backend_test.TestProvidersConn" name="test_unreachable_endpoint" time="0.088" /><testcase classname="backend.tests.backend_test.TestProvidersConn" name="test_ollama_bogus_returns_502" time="0.092" /><testcase classname="backend.tests.backend_test.TestSongDeleteLast" name="test_soft_delete" time="0.185" /></testsuite></testsuites>