<?xml version="1.0" encoding="utf-8"?><testsuites name="pytest tests"><testsuite name="pytest" errors="0" failures="0" skipped="0" tests="11" time="28.225" timestamp="2026-05-04T18:04:12.303695+00:00" hostname="agent-env-2baa49de-cfca-4bed-93d4-5af6fd25c91a"><testcase classname="backend.tests.test_share_and_stream.TestShare" name="test_create_share_idempotent" time="3.770" /><testcase classname="backend.tests.test_share_and_stream.TestShare" name="test_get_share_increments_view_count" time="2.926" /><testcase classname="backend.tests.test_share_and_stream.TestShare" name="test_share_audio_stream" time="0.358" /><testcase classname="backend.tests.test_share_and_stream.TestShare" name="test_list_shares_for_song" time="0.106" /><testcase classname="backend.tests.test_share_and_stream.TestShare" name="test_unknown_slug_404" time="0.050" /><testcase classname="backend.tests.test_share_and_stream.TestShare" name="test_revoke_share" time="0.763" /><testcase classname="backend.tests.test_share_and_stream.TestShare" name="test_revoke_unknown_404" time="0.061" /><testcase classname="backend.tests.test_share_and_stream.TestSSE" name="test_generate_stream_sse" time="6.038" /><testcase classname="backend.tests.test_share_and_stream.TestSSE" name="test_complete_stream_sse" time="6.292" /><testcase classname="backend.tests.test_share_and_stream.TestSSE" name="test_polish_stream_sse" time="4.787" /><testcase classname="backend.tests.test_share_and_stream.TestNonStreamRegression" name="test_generate_non_stream" time="2.988" /></testsuite></testsuites>